<?xml version="1.0" encoding="UTF-8"?>
<!-- Generated by org.testng.reporters.JUnitReportReporter -->
<testsuite skipped="0" hostname="Andrews-MBP.local.tld" name="runner.Runner" tests="1" failures="0" timestamp="2023-02-25T15:17:12 CST" time="1.720" errors="0">
  <testcase name="runScenario" time="1.720" classname="runner.Runner"/>
  <system-out/>
</testsuite> <!-- runner.Runner -->
